\BOOKMARK [1][-]{section.1}{\376\377\000S\000t\000r\000u\000t\000t\000u\000r\000a}{}% 1
\BOOKMARK [2][-]{subsection.1.1}{\376\377\000M\000e\000n\000u\000\040\000P\000r\000i\000n\000c\000i\000p\000a\000l\000e}{section.1}% 2
\BOOKMARK [2][-]{subsection.1.2}{\376\377\000P\000r\000e\000s\000t\000i\000t\000i}{section.1}% 3
\BOOKMARK [1][-]{section.2}{\376\377\000M\000e\000n\000u\000\040\000P\000r\000i\000n\000c\000i\000p\000a\000l\000e}{}% 4
\BOOKMARK [2][-]{subsection.2.1}{\376\377\000G\000e\000s\000t\000i\000o\000n\000e\000\040\000A\000r\000r\000a\000y}{section.2}% 5
\BOOKMARK [2][-]{subsection.2.2}{\376\377\000V\000i\000s\000u\000a\000l}{section.2}% 6
\BOOKMARK [3][-]{subsubsection.2.2.1}{\376\377\000M\000e\000n\000u\000A\000r\000r\000o\000w\000.\000c\000s}{subsection.2.2}% 7
\BOOKMARK [2][-]{subsection.2.3}{\376\377\000A\000d\000d\000B\000o\000o\000k\000.\000c\000s}{section.2}% 8
\BOOKMARK [3][-]{subsubsection.2.3.1}{\376\377\000S\000t\000e\000p\000\040\0001}{subsection.2.3}% 9
\BOOKMARK [3][-]{subsubsection.2.3.2}{\376\377\000S\000t\000e\000p\000\040\0002}{subsection.2.3}% 10
\BOOKMARK [3][-]{subsubsection.2.3.3}{\376\377\000S\000t\000e\000p\000\040\0003}{subsection.2.3}% 11
\BOOKMARK [2][-]{subsection.2.4}{\376\377\000S\000h\000o\000w\000B\000o\000o\000k\000.\000c\000s}{section.2}% 12
\BOOKMARK [3][-]{subsubsection.2.4.1}{\376\377\000S\000t\000e\000p\000\040\0001}{subsection.2.4}% 13
\BOOKMARK [2][-]{subsection.2.5}{\376\377\000R\000e\000m\000o\000v\000e\000B\000o\000o\000k\000.\000c\000s}{section.2}% 14
\BOOKMARK [3][-]{subsubsection.2.5.1}{\376\377\000S\000t\000e\000p\000\040\0001}{subsection.2.5}% 15
\BOOKMARK [3][-]{subsubsection.2.5.2}{\376\377\000S\000t\000e\000p\000\040\0002}{subsection.2.5}% 16
\BOOKMARK [3][-]{subsubsection.2.5.3}{\376\377\000S\000t\000e\000p\000\040\0003}{subsection.2.5}% 17
\BOOKMARK [2][-]{subsection.2.6}{\376\377\000S\000e\000a\000r\000c\000h\000B\000y\000A\000u\000t\000h\000o\000r\000.\000c\000s}{section.2}% 18
\BOOKMARK [3][-]{subsubsection.2.6.1}{\376\377\000S\000t\000e\000p\000\040\0001}{subsection.2.6}% 19
\BOOKMARK [3][-]{subsubsection.2.6.2}{\376\377\000S\000t\000e\000p\000\040\0002}{subsection.2.6}% 20
\BOOKMARK [3][-]{subsubsection.2.6.3}{\376\377\000S\000t\000e\000p\000\040\0003}{subsection.2.6}% 21
\BOOKMARK [2][-]{subsection.2.7}{\376\377\000M\000o\000s\000t\000E\000x\000p\000e\000B\000o\000o\000k\000.\000c\000s}{section.2}% 22
\BOOKMARK [3][-]{subsubsection.2.7.1}{\376\377\000S\000t\000e\000p\000\040\0001}{subsection.2.7}% 23
\BOOKMARK [2][-]{subsection.2.8}{\376\377\000R\000e\000o\000r\000d\000e\000r\000.\000c\000s}{section.2}% 24
\BOOKMARK [3][-]{subsubsection.2.8.1}{\376\377\000S\000t\000e\000p\000\040\0001}{subsection.2.8}% 25
\BOOKMARK [3][-]{subsubsection.2.8.2}{\376\377\000S\000t\000e\000p\000\040\0002}{subsection.2.8}% 26
\BOOKMARK [3][-]{subsubsection.2.8.3}{\376\377\000S\000t\000e\000p\000\040\0003}{subsection.2.8}% 27
\BOOKMARK [2][-]{subsection.2.9}{\376\377\000P\000r\000i\000c\000e\000R\000a\000n\000g\000e\000.\000c\000s}{section.2}% 28
\BOOKMARK [3][-]{subsubsection.2.9.1}{\376\377\000S\000t\000e\000p\000\040\0001}{subsection.2.9}% 29
\BOOKMARK [1][-]{section.3}{\376\377\000P\000r\000e\000s\000t\000i\000t\000i}{}% 30
\BOOKMARK [2][-]{subsection.3.1}{\376\377\000M\000e\000n\000u\000P\000r\000e\000s\000t\000i\000t\000i\000.\000c\000s}{section.3}% 31
\BOOKMARK [3][-]{subsubsection.3.1.1}{\376\377\000S\000t\000e\000p\000\040\0001}{subsection.3.1}% 32
\BOOKMARK [2][-]{subsection.3.2}{\376\377\000T\000a\000k\000e\000B\000o\000r\000r\000o\000w\000.\000c\000s}{section.3}% 33
\BOOKMARK [3][-]{subsubsection.3.2.1}{\376\377\000S\000t\000e\000p\000\040\0001}{subsection.3.2}% 34
\BOOKMARK [3][-]{subsubsection.3.2.2}{\376\377\000S\000t\000e\000p\000\040\0002}{subsection.3.2}% 35
\BOOKMARK [3][-]{subsubsection.3.2.3}{\376\377\000S\000t\000e\000p\000\040\0003}{subsection.3.2}% 36
\BOOKMARK [2][-]{subsection.3.3}{\376\377\000R\000e\000t\000u\000r\000n\000B\000o\000o\000k\000.\000c\000s}{section.3}% 37
\BOOKMARK [3][-]{subsubsection.3.3.1}{\376\377\000S\000t\000e\000p\000\040\0001}{subsection.3.3}% 38
\BOOKMARK [3][-]{subsubsection.3.3.2}{\376\377\000S\000t\000e\000p\000\040\0002}{subsection.3.3}% 39
\BOOKMARK [3][-]{subsubsection.3.3.3}{\376\377\000S\000t\000e\000p\000\040\0003}{subsection.3.3}% 40
\BOOKMARK [2][-]{subsection.3.4}{\376\377\000S\000h\000o\000w\000B\000o\000r\000r\000o\000w\000e\000d\000B\000o\000o\000k\000s\000.\000c\000s}{section.3}% 41
\BOOKMARK [3][-]{subsubsection.3.4.1}{\376\377\000S\000t\000e\000p\000\040\0001}{subsection.3.4}% 42
\BOOKMARK [1][-]{section.4}{\376\377\000U\000t\000i\000l\000s\000\040\000e\000\040\000L\000o\000g\000o}{}% 43
\BOOKMARK [2][-]{subsection.4.1}{\376\377\000T\000o\000L\000o\000w\000e\000r\000.\000c\000s}{section.4}% 44
\BOOKMARK [2][-]{subsection.4.2}{\376\377\000L\000o\000g\000o\000B\000i\000b\000l\000i\000o\000t\000e\000c\000a\000.\000c\000s\000\040\000|\000|\000\040\000L\000o\000g\000o\000P\000r\000e\000s\000t\000i\000t\000o\000.\000c\000s}{section.4}% 45
\BOOKMARK [1][-]{section.5}{\376\377\000G\000i\000t\000h\000u\000b}{}% 46
\BOOKMARK [2][-]{subsection.5.1}{\376\377\000C\000o\000m\000e\000\040\000f\000u\000n\000z\000i\000o\000n\000a\000?}{section.5}% 47
